<?xml version="1.0" encoding="UTF-8"?>
<!-- Generated by org.testng.reporters.JUnitReportReporter -->
<testsuite hostname="DESKTOP-5S2FLCK" failures="0" tests="1" name="testng1.test0" time="0.012" errors="0" timestamp="2021-05-31T22:58:55 IST" skipped="0">
  <testcase classname="testng1.test0" name="demo" time="0.012"/>
  <system-out>
    <![CDATA[hello java
hello selenium]]>
  </system-out>
</testsuite> <!-- testng1.test0 -->
